<?xml version="1.0" encoding="UTF-8"?>
<!-- Generated by org.testng.reporters.JUnitReportReporter -->
<testsuite hostname="Pramods-MBP.broadband" name="TestRunner" tests="1" failures="0" timestamp="6 Apr 2021 01:54:53 GMT" time="10.525" errors="0">
  <testcase name="feature" time="10.525" classname="TestRunner"/>
</testsuite> <!-- TestRunner -->
